<?xml version="1.0" encoding="UTF-8"?>
<!-- Generated by org.testng.reporters.JUnitReportReporter -->
<testsuite hostname="dilip" name="com.jala.testsuites.LoginTest" tests="2" failures="0" timestamp="30 May 2018 06:07:28 GMT" time="14.229" errors="0">
  <testcase name="loginAdminwithINValid" time="2.008" classname="com.jala.testsuites.LoginTest"/>
  <testcase name="loginAdminwithValid" time="12.221" classname="com.jala.testsuites.LoginTest"/>
</testsuite> <!-- com.jala.testsuites.LoginTest -->
